<?xml version="1.0" encoding="UTF-8"?>
<!-- Generated by org.testng.reporters.JUnitReportReporter -->
<testsuite hostname="DESKTOP-CLIC1A9" failures="0" tests="4" name="TestRunner" time="16.736" errors="0" timestamp="2023-03-21T23:41:27 EDT" skipped="0">
  <testcase classname="TestRunner" name="runScenario" time="3.273"/>
  <system-out/>
  <testcase classname="TestRunner" name="runScenario" time="6.953"/>
  <system-out/>
  <testcase classname="TestRunner" name="runScenario" time="3.005"/>
  <system-out/>
  <testcase classname="TestRunner" name="runScenario" time="3.505"/>
  <system-out/>
</testsuite> <!-- TestRunner -->
