<?xml version="1.0" encoding="UTF-8"?>
<!-- Generated by org.testng.reporters.JUnitReportReporter -->
<testsuite skipped="0" hostname="DESKTOP-CLIC1A9" name="stepDef.TestRunner" tests="1" failures="0" timestamp="2023-03-19T12:07:54 EDT" time="0.156" errors="0">
  <testcase name="runScenario" time="0.156" classname="stepDef.TestRunner"/>
  <system-out/>
</testsuite> <!-- stepDef.TestRunner -->
